[0.024s] Invoking command in '/home/msg1907/autonomous_driving_ws/build/lidar_driver': CMAKE_PREFIX_PATH=/home/msg1907/autonomous_driving_ws/install:/home/msg1907/ros2_ws/install/rplidar_ros:/opt/ros/humble:/home/msg1907/ros2_ws/install/my_cartographer:/home/msg1907/ros2_ws/install/cartographer_ros:/home/msg1907/ros2_ws/install/cartographer_ros_msgs:/home/msg1907/ros2_ws/install/cartographer /usr/bin/cmake /home/msg1907/autonomous_driving_ws/src/hardware/lidar_driver -DCMAKE_INSTALL_PREFIX=/home/msg1907/autonomous_driving_ws/install
[0.127s] -- The C compiler identification is GNU 11.4.0
[0.225s] -- The CXX compiler identification is GNU 11.4.0
[0.239s] -- Detecting C compiler ABI info
[0.370s] -- Detecting C compiler ABI info - done
[0.394s] -- Check for working C compiler: /usr/bin/cc - skipped
[0.395s] -- Detecting C compile features
[0.396s] -- Detecting C compile features - done
[0.406s] -- Detecting CXX compiler ABI info
[0.554s] -- Detecting CXX compiler ABI info - done
[0.580s] -- Check for working CXX compiler: /usr/bin/c++ - skipped
[0.581s] -- Detecting CXX compile features
[0.583s] -- Detecting CXX compile features - done
[0.592s] -- Found ament_cmake: 1.3.11 (/opt/ros/humble/share/ament_cmake/cmake)
[0.892s] -- Found Python3: /usr/bin/python3 (found version "3.10.12") found components: Interpreter 
[1.207s] -- Configuring done
[1.215s] -- Generating done
[1.220s] -- Build files have been written to: /home/msg1907/autonomous_driving_ws/build/lidar_driver
[1.231s] Invoked command in '/home/msg1907/autonomous_driving_ws/build/lidar_driver' returned '0': CMAKE_PREFIX_PATH=/home/msg1907/autonomous_driving_ws/install:/home/msg1907/ros2_ws/install/rplidar_ros:/opt/ros/humble:/home/msg1907/ros2_ws/install/my_cartographer:/home/msg1907/ros2_ws/install/cartographer_ros:/home/msg1907/ros2_ws/install/cartographer_ros_msgs:/home/msg1907/ros2_ws/install/cartographer /usr/bin/cmake /home/msg1907/autonomous_driving_ws/src/hardware/lidar_driver -DCMAKE_INSTALL_PREFIX=/home/msg1907/autonomous_driving_ws/install
[1.236s] Invoking command in '/home/msg1907/autonomous_driving_ws/build/lidar_driver': CMAKE_PREFIX_PATH=/home/msg1907/autonomous_driving_ws/install:/home/msg1907/ros2_ws/install/rplidar_ros:/opt/ros/humble:/home/msg1907/ros2_ws/install/my_cartographer:/home/msg1907/ros2_ws/install/cartographer_ros:/home/msg1907/ros2_ws/install/cartographer_ros_msgs:/home/msg1907/ros2_ws/install/cartographer /usr/bin/cmake --build /home/msg1907/autonomous_driving_ws/build/lidar_driver -- -j8 -l8
[1.302s] Invoked command in '/home/msg1907/autonomous_driving_ws/build/lidar_driver' returned '0': CMAKE_PREFIX_PATH=/home/msg1907/autonomous_driving_ws/install:/home/msg1907/ros2_ws/install/rplidar_ros:/opt/ros/humble:/home/msg1907/ros2_ws/install/my_cartographer:/home/msg1907/ros2_ws/install/cartographer_ros:/home/msg1907/ros2_ws/install/cartographer_ros_msgs:/home/msg1907/ros2_ws/install/cartographer /usr/bin/cmake --build /home/msg1907/autonomous_driving_ws/build/lidar_driver -- -j8 -l8
[1.322s] Invoking command in '/home/msg1907/autonomous_driving_ws/build/lidar_driver': CMAKE_PREFIX_PATH=/home/msg1907/autonomous_driving_ws/install:/home/msg1907/ros2_ws/install/rplidar_ros:/opt/ros/humble:/home/msg1907/ros2_ws/install/my_cartographer:/home/msg1907/ros2_ws/install/cartographer_ros:/home/msg1907/ros2_ws/install/cartographer_ros_msgs:/home/msg1907/ros2_ws/install/cartographer /usr/bin/cmake --install /home/msg1907/autonomous_driving_ws/build/lidar_driver
[1.336s] -- Install configuration: ""
[1.336s] -- Installing: /home/msg1907/autonomous_driving_ws/install/share/lidar_driver//launch
[1.336s] -- Installing: /home/msg1907/autonomous_driving_ws/install/share/lidar_driver//launch/rplidar.launch.py
[1.337s] -- Installing: /home/msg1907/autonomous_driving_ws/install/share/ament_index/resource_index/package_run_dependencies/lidar_driver
[1.337s] -- Installing: /home/msg1907/autonomous_driving_ws/install/share/ament_index/resource_index/parent_prefix_path/lidar_driver
[1.337s] -- Installing: /home/msg1907/autonomous_driving_ws/install/share/lidar_driver/environment/ament_prefix_path.sh
[1.338s] -- Installing: /home/msg1907/autonomous_driving_ws/install/share/lidar_driver/environment/ament_prefix_path.dsv
[1.338s] -- Installing: /home/msg1907/autonomous_driving_ws/install/share/lidar_driver/environment/path.sh
[1.338s] -- Installing: /home/msg1907/autonomous_driving_ws/install/share/lidar_driver/environment/path.dsv
[1.338s] -- Installing: /home/msg1907/autonomous_driving_ws/install/share/lidar_driver/local_setup.bash
[1.338s] -- Installing: /home/msg1907/autonomous_driving_ws/install/share/lidar_driver/local_setup.sh
[1.339s] -- Installing: /home/msg1907/autonomous_driving_ws/install/share/lidar_driver/local_setup.zsh
[1.339s] -- Installing: /home/msg1907/autonomous_driving_ws/install/share/lidar_driver/local_setup.dsv
[1.339s] -- Installing: /home/msg1907/autonomous_driving_ws/install/share/lidar_driver/package.dsv
[1.339s] -- Installing: /home/msg1907/autonomous_driving_ws/install/share/ament_index/resource_index/packages/lidar_driver
[1.340s] -- Installing: /home/msg1907/autonomous_driving_ws/install/share/lidar_driver/cmake/lidar_driverConfig.cmake
[1.340s] -- Installing: /home/msg1907/autonomous_driving_ws/install/share/lidar_driver/cmake/lidar_driverConfig-version.cmake
[1.340s] -- Installing: /home/msg1907/autonomous_driving_ws/install/share/lidar_driver/package.xml
[1.343s] Invoked command in '/home/msg1907/autonomous_driving_ws/build/lidar_driver' returned '0': CMAKE_PREFIX_PATH=/home/msg1907/autonomous_driving_ws/install:/home/msg1907/ros2_ws/install/rplidar_ros:/opt/ros/humble:/home/msg1907/ros2_ws/install/my_cartographer:/home/msg1907/ros2_ws/install/cartographer_ros:/home/msg1907/ros2_ws/install/cartographer_ros_msgs:/home/msg1907/ros2_ws/install/cartographer /usr/bin/cmake --install /home/msg1907/autonomous_driving_ws/build/lidar_driver
