-- The C compiler identification is GNU 11.4.0
-- The CXX compiler identification is GNU 11.4.0
-- Detecting C compiler ABI info
-- Detecting C compiler ABI info - done
-- Check for working C compiler: /usr/bin/cc - skipped
-- Detecting C compile features
-- Detecting C compile features - done
-- Detecting CXX compiler ABI info
-- Detecting CXX compiler ABI info - done
-- Check for working CXX compiler: /usr/bin/c++ - skipped
-- Detecting CXX compile features
-- Detecting CXX compile features - done
-- Found ament_cmake: 1.3.11 (/opt/ros/humble/share/ament_cmake/cmake)
-- Found Python3: /usr/bin/python3 (found version "3.10.12") found components: Interpreter 
-- Found rclcpp: 16.0.12 (/opt/ros/humble/share/rclcpp/cmake)
-- Found rosidl_generator_c: 3.1.6 (/opt/ros/humble/share/rosidl_generator_c/cmake)
-- Found rosidl_adapter: 3.1.6 (/opt/ros/humble/share/rosidl_adapter/cmake)
-- Found rosidl_generator_cpp: 3.1.6 (/opt/ros/humble/share/rosidl_generator_cpp/cmake)
-- Using all available rosidl_typesupport_c: rosidl_typesupport_fastrtps_c;rosidl_typesupport_introspection_c
-- Using all available rosidl_typesupport_cpp: rosidl_typesupport_fastrtps_cpp;rosidl_typesupport_introspection_cpp
-- Found rmw_implementation_cmake: 6.1.2 (/opt/ros/humble/share/rmw_implementation_cmake/cmake)
-- Found rmw_fastrtps_cpp: 6.2.7 (/opt/ros/humble/share/rmw_fastrtps_cpp/cmake)
-- Found OpenSSL: /usr/lib/aarch64-linux-gnu/libcrypto.so (found version "3.0.2")  
-- Found FastRTPS: /opt/ros/humble/include  
-- Using RMW implementation 'rmw_fastrtps_cpp' as default
-- Looking for pthread.h
-- Looking for pthread.h - found
-- Performing Test CMAKE_HAVE_LIBC_PTHREAD
-- Performing Test CMAKE_HAVE_LIBC_PTHREAD - Success
-- Found Threads: TRUE  
-- Found geometry_msgs: 4.8.0 (/opt/ros/humble/share/geometry_msgs/cmake)
-- Configuring done
-- Generating done
-- Build files have been written to: /home/msg1907/autonomous_driving_ws/build/trio_interface_ros2
[ 44%] [32mBuilding CXX object CMakeFiles/trio_tcp_lib.dir/src/fsm_trio_motion_node.cpp.o[0m
[ 44%] [32mBuilding CXX object CMakeFiles/trio_tcp_lib.dir/src/cmd_trio_motion_node.cpp.o[0m
[ 44%] [32mBuilding CXX object CMakeFiles/trio_tcp_lib.dir/src/cmd_trio_motion_tcp.cpp.o[0m
[ 44%] [32mBuilding CXX object CMakeFiles/trio_tcp_lib.dir/src/fsm_trio_motion_tcp.cpp.o[0m
[ 55%] [32m[1mLinking CXX static library libtrio_tcp_lib.a[0m
[ 55%] Built target trio_tcp_lib
[ 66%] [32mBuilding CXX object CMakeFiles/fsm_trio_main.dir/src/fsm_trio_main.cpp.o[0m
[ 77%] [32mBuilding CXX object CMakeFiles/cmd_trio_main.dir/src/cmd_trio_main.cpp.o[0m
[ 88%] [32m[1mLinking CXX executable fsm_trio_main[0m
[ 88%] Built target fsm_trio_main
[100%] [32m[1mLinking CXX executable cmd_trio_main[0m
[100%] Built target cmd_trio_main
-- Install configuration: ""
-- Installing: /home/msg1907/autonomous_driving_ws/install/lib/trio_interface_ros2/cmd_trio_main
-- Set runtime path of "/home/msg1907/autonomous_driving_ws/install/lib/trio_interface_ros2/cmd_trio_main" to ""
-- Installing: /home/msg1907/autonomous_driving_ws/install/lib/trio_interface_ros2/fsm_trio_main
-- Set runtime path of "/home/msg1907/autonomous_driving_ws/install/lib/trio_interface_ros2/fsm_trio_main" to ""
-- Installing: /home/msg1907/autonomous_driving_ws/install/include/
-- Installing: /home/msg1907/autonomous_driving_ws/install/include//trio_interface_ros2
-- Installing: /home/msg1907/autonomous_driving_ws/install/include//trio_interface_ros2/fsm_trio_motion_node.hpp
-- Installing: /home/msg1907/autonomous_driving_ws/install/include//trio_interface_ros2/cmd_trio_motion_node.hpp
-- Installing: /home/msg1907/autonomous_driving_ws/install/include//trio_interface_ros2/cmd_trio_motion_tcp.hpp
-- Installing: /home/msg1907/autonomous_driving_ws/install/include//trio_interface_ros2/fsm_trio_motion_tcp.hpp
-- Installing: /home/msg1907/autonomous_driving_ws/install/share/trio_interface_ros2//launch
-- Installing: /home/msg1907/autonomous_driving_ws/install/share/trio_interface_ros2//launch/trio_interface.launch.py
-- Installing: /home/msg1907/autonomous_driving_ws/install/share/ament_index/resource_index/package_run_dependencies/trio_interface_ros2
-- Installing: /home/msg1907/autonomous_driving_ws/install/share/ament_index/resource_index/parent_prefix_path/trio_interface_ros2
-- Installing: /home/msg1907/autonomous_driving_ws/install/share/trio_interface_ros2/environment/ament_prefix_path.sh
-- Installing: /home/msg1907/autonomous_driving_ws/install/share/trio_interface_ros2/environment/ament_prefix_path.dsv
-- Installing: /home/msg1907/autonomous_driving_ws/install/share/trio_interface_ros2/environment/path.sh
-- Installing: /home/msg1907/autonomous_driving_ws/install/share/trio_interface_ros2/environment/path.dsv
-- Installing: /home/msg1907/autonomous_driving_ws/install/share/trio_interface_ros2/local_setup.bash
-- Installing: /home/msg1907/autonomous_driving_ws/install/share/trio_interface_ros2/local_setup.sh
-- Installing: /home/msg1907/autonomous_driving_ws/install/share/trio_interface_ros2/local_setup.zsh
-- Installing: /home/msg1907/autonomous_driving_ws/install/share/trio_interface_ros2/local_setup.dsv
-- Installing: /home/msg1907/autonomous_driving_ws/install/share/trio_interface_ros2/package.dsv
-- Installing: /home/msg1907/autonomous_driving_ws/install/share/ament_index/resource_index/packages/trio_interface_ros2
-- Installing: /home/msg1907/autonomous_driving_ws/install/share/trio_interface_ros2/cmake/trio_interface_ros2Config.cmake
-- Installing: /home/msg1907/autonomous_driving_ws/install/share/trio_interface_ros2/cmake/trio_interface_ros2Config-version.cmake
-- Installing: /home/msg1907/autonomous_driving_ws/install/share/trio_interface_ros2/package.xml
