[0.022s] Invoking command in '/home/msg1907/autonomous_driving_ws/build/trio_interface_ros2': CMAKE_PREFIX_PATH=/home/msg1907/autonomous_driving_ws/install:/home/msg1907/ros2_ws/install/rplidar_ros:/opt/ros/humble:/home/msg1907/ros2_ws/install/my_cartographer:/home/msg1907/ros2_ws/install/cartographer_ros:/home/msg1907/ros2_ws/install/cartographer_ros_msgs:/home/msg1907/ros2_ws/install/cartographer /usr/bin/cmake /home/msg1907/autonomous_driving_ws/src/hardware/trio_interface_ros2 -DCMAKE_INSTALL_PREFIX=/home/msg1907/autonomous_driving_ws/install
[0.115s] -- The C compiler identification is GNU 11.4.0
[0.212s] -- The CXX compiler identification is GNU 11.4.0
[0.227s] -- Detecting C compiler ABI info
[0.359s] -- Detecting C compiler ABI info - done
[0.383s] -- Check for working C compiler: /usr/bin/cc - skipped
[0.384s] -- Detecting C compile features
[0.385s] -- Detecting C compile features - done
[0.396s] -- Detecting CXX compiler ABI info
[0.544s] -- Detecting CXX compiler ABI info - done
[0.569s] -- Check for working CXX compiler: /usr/bin/c++ - skipped
[0.570s] -- Detecting CXX compile features
[0.572s] -- Detecting CXX compile features - done
[0.581s] -- Found ament_cmake: 1.3.11 (/opt/ros/humble/share/ament_cmake/cmake)
[0.880s] -- Found Python3: /usr/bin/python3 (found version "3.10.12") found components: Interpreter 
[1.089s] -- Found rclcpp: 16.0.12 (/opt/ros/humble/share/rclcpp/cmake)
[1.175s] -- Found rosidl_generator_c: 3.1.6 (/opt/ros/humble/share/rosidl_generator_c/cmake)
[1.183s] -- Found rosidl_adapter: 3.1.6 (/opt/ros/humble/share/rosidl_adapter/cmake)
[1.196s] -- Found rosidl_generator_cpp: 3.1.6 (/opt/ros/humble/share/rosidl_generator_cpp/cmake)
[1.216s] -- Using all available rosidl_typesupport_c: rosidl_typesupport_fastrtps_c;rosidl_typesupport_introspection_c
[1.244s] -- Using all available rosidl_typesupport_cpp: rosidl_typesupport_fastrtps_cpp;rosidl_typesupport_introspection_cpp
[1.315s] -- Found rmw_implementation_cmake: 6.1.2 (/opt/ros/humble/share/rmw_implementation_cmake/cmake)
[1.319s] -- Found rmw_fastrtps_cpp: 6.2.7 (/opt/ros/humble/share/rmw_fastrtps_cpp/cmake)
[1.490s] -- Found OpenSSL: /usr/lib/aarch64-linux-gnu/libcrypto.so (found version "3.0.2")  
[1.559s] -- Found FastRTPS: /opt/ros/humble/include  
[1.639s] -- Using RMW implementation 'rmw_fastrtps_cpp' as default
[1.654s] -- Looking for pthread.h
[1.792s] -- Looking for pthread.h - found
[1.792s] -- Performing Test CMAKE_HAVE_LIBC_PTHREAD
[1.932s] -- Performing Test CMAKE_HAVE_LIBC_PTHREAD - Success
[1.936s] -- Found Threads: TRUE  
[2.060s] -- Found geometry_msgs: 4.8.0 (/opt/ros/humble/share/geometry_msgs/cmake)
[2.207s] -- Configuring done
[2.234s] -- Generating done
[2.244s] -- Build files have been written to: /home/msg1907/autonomous_driving_ws/build/trio_interface_ros2
[2.265s] Invoked command in '/home/msg1907/autonomous_driving_ws/build/trio_interface_ros2' returned '0': CMAKE_PREFIX_PATH=/home/msg1907/autonomous_driving_ws/install:/home/msg1907/ros2_ws/install/rplidar_ros:/opt/ros/humble:/home/msg1907/ros2_ws/install/my_cartographer:/home/msg1907/ros2_ws/install/cartographer_ros:/home/msg1907/ros2_ws/install/cartographer_ros_msgs:/home/msg1907/ros2_ws/install/cartographer /usr/bin/cmake /home/msg1907/autonomous_driving_ws/src/hardware/trio_interface_ros2 -DCMAKE_INSTALL_PREFIX=/home/msg1907/autonomous_driving_ws/install
[2.270s] Invoking command in '/home/msg1907/autonomous_driving_ws/build/trio_interface_ros2': CMAKE_PREFIX_PATH=/home/msg1907/autonomous_driving_ws/install:/home/msg1907/ros2_ws/install/rplidar_ros:/opt/ros/humble:/home/msg1907/ros2_ws/install/my_cartographer:/home/msg1907/ros2_ws/install/cartographer_ros:/home/msg1907/ros2_ws/install/cartographer_ros_msgs:/home/msg1907/ros2_ws/install/cartographer /usr/bin/cmake --build /home/msg1907/autonomous_driving_ws/build/trio_interface_ros2 -- -j8 -l8
[2.365s] [ 44%] [32mBuilding CXX object CMakeFiles/trio_tcp_lib.dir/src/fsm_trio_motion_node.cpp.o[0m
[2.365s] [ 44%] [32mBuilding CXX object CMakeFiles/trio_tcp_lib.dir/src/cmd_trio_motion_node.cpp.o[0m
[2.365s] [ 44%] [32mBuilding CXX object CMakeFiles/trio_tcp_lib.dir/src/cmd_trio_motion_tcp.cpp.o[0m
[2.365s] [ 44%] [32mBuilding CXX object CMakeFiles/trio_tcp_lib.dir/src/fsm_trio_motion_tcp.cpp.o[0m
[18.262s] [ 55%] [32m[1mLinking CXX static library libtrio_tcp_lib.a[0m
[18.551s] [ 55%] Built target trio_tcp_lib
[18.591s] [ 66%] [32mBuilding CXX object CMakeFiles/fsm_trio_main.dir/src/fsm_trio_main.cpp.o[0m
[18.591s] [ 77%] [32mBuilding CXX object CMakeFiles/cmd_trio_main.dir/src/cmd_trio_main.cpp.o[0m
[24.152s] [ 88%] [32m[1mLinking CXX executable fsm_trio_main[0m
[24.388s] [ 88%] Built target fsm_trio_main
[24.447s] [100%] [32m[1mLinking CXX executable cmd_trio_main[0m
[25.140s] [100%] Built target cmd_trio_main
[25.166s] Invoked command in '/home/msg1907/autonomous_driving_ws/build/trio_interface_ros2' returned '0': CMAKE_PREFIX_PATH=/home/msg1907/autonomous_driving_ws/install:/home/msg1907/ros2_ws/install/rplidar_ros:/opt/ros/humble:/home/msg1907/ros2_ws/install/my_cartographer:/home/msg1907/ros2_ws/install/cartographer_ros:/home/msg1907/ros2_ws/install/cartographer_ros_msgs:/home/msg1907/ros2_ws/install/cartographer /usr/bin/cmake --build /home/msg1907/autonomous_driving_ws/build/trio_interface_ros2 -- -j8 -l8
[25.172s] Invoking command in '/home/msg1907/autonomous_driving_ws/build/trio_interface_ros2': CMAKE_PREFIX_PATH=/home/msg1907/autonomous_driving_ws/install:/home/msg1907/ros2_ws/install/rplidar_ros:/opt/ros/humble:/home/msg1907/ros2_ws/install/my_cartographer:/home/msg1907/ros2_ws/install/cartographer_ros:/home/msg1907/ros2_ws/install/cartographer_ros_msgs:/home/msg1907/ros2_ws/install/cartographer /usr/bin/cmake --install /home/msg1907/autonomous_driving_ws/build/trio_interface_ros2
[25.188s] -- Install configuration: ""
[25.188s] -- Installing: /home/msg1907/autonomous_driving_ws/install/lib/trio_interface_ros2/cmd_trio_main
[25.195s] -- Set runtime path of "/home/msg1907/autonomous_driving_ws/install/lib/trio_interface_ros2/cmd_trio_main" to ""
[25.195s] -- Installing: /home/msg1907/autonomous_driving_ws/install/lib/trio_interface_ros2/fsm_trio_main
[25.196s] -- Set runtime path of "/home/msg1907/autonomous_driving_ws/install/lib/trio_interface_ros2/fsm_trio_main" to ""
[25.196s] -- Installing: /home/msg1907/autonomous_driving_ws/install/include/
[25.196s] -- Installing: /home/msg1907/autonomous_driving_ws/install/include//trio_interface_ros2
[25.197s] -- Installing: /home/msg1907/autonomous_driving_ws/install/include//trio_interface_ros2/fsm_trio_motion_node.hpp
[25.197s] -- Installing: /home/msg1907/autonomous_driving_ws/install/include//trio_interface_ros2/cmd_trio_motion_node.hpp
[25.197s] -- Installing: /home/msg1907/autonomous_driving_ws/install/include//trio_interface_ros2/cmd_trio_motion_tcp.hpp
[25.197s] -- Installing: /home/msg1907/autonomous_driving_ws/install/include//trio_interface_ros2/fsm_trio_motion_tcp.hpp
[25.197s] -- Installing: /home/msg1907/autonomous_driving_ws/install/share/trio_interface_ros2//launch
[25.198s] -- Installing: /home/msg1907/autonomous_driving_ws/install/share/trio_interface_ros2//launch/trio_interface.launch.py
[25.198s] -- Installing: /home/msg1907/autonomous_driving_ws/install/share/ament_index/resource_index/package_run_dependencies/trio_interface_ros2
[25.198s] -- Installing: /home/msg1907/autonomous_driving_ws/install/share/ament_index/resource_index/parent_prefix_path/trio_interface_ros2
[25.198s] -- Installing: /home/msg1907/autonomous_driving_ws/install/share/trio_interface_ros2/environment/ament_prefix_path.sh
[25.199s] -- Installing: /home/msg1907/autonomous_driving_ws/install/share/trio_interface_ros2/environment/ament_prefix_path.dsv
[25.199s] -- Installing: /home/msg1907/autonomous_driving_ws/install/share/trio_interface_ros2/environment/path.sh
[25.199s] -- Installing: /home/msg1907/autonomous_driving_ws/install/share/trio_interface_ros2/environment/path.dsv
[25.199s] -- Installing: /home/msg1907/autonomous_driving_ws/install/share/trio_interface_ros2/local_setup.bash
[25.200s] -- Installing: /home/msg1907/autonomous_driving_ws/install/share/trio_interface_ros2/local_setup.sh
[25.200s] -- Installing: /home/msg1907/autonomous_driving_ws/install/share/trio_interface_ros2/local_setup.zsh
[25.200s] -- Installing: /home/msg1907/autonomous_driving_ws/install/share/trio_interface_ros2/local_setup.dsv
[25.200s] -- Installing: /home/msg1907/autonomous_driving_ws/install/share/trio_interface_ros2/package.dsv
[25.201s] -- Installing: /home/msg1907/autonomous_driving_ws/install/share/ament_index/resource_index/packages/trio_interface_ros2
[25.201s] -- Installing: /home/msg1907/autonomous_driving_ws/install/share/trio_interface_ros2/cmake/trio_interface_ros2Config.cmake
[25.201s] -- Installing: /home/msg1907/autonomous_driving_ws/install/share/trio_interface_ros2/cmake/trio_interface_ros2Config-version.cmake
[25.201s] -- Installing: /home/msg1907/autonomous_driving_ws/install/share/trio_interface_ros2/package.xml
[25.206s] Invoked command in '/home/msg1907/autonomous_driving_ws/build/trio_interface_ros2' returned '0': CMAKE_PREFIX_PATH=/home/msg1907/autonomous_driving_ws/install:/home/msg1907/ros2_ws/install/rplidar_ros:/opt/ros/humble:/home/msg1907/ros2_ws/install/my_cartographer:/home/msg1907/ros2_ws/install/cartographer_ros:/home/msg1907/ros2_ws/install/cartographer_ros_msgs:/home/msg1907/ros2_ws/install/cartographer /usr/bin/cmake --install /home/msg1907/autonomous_driving_ws/build/trio_interface_ros2
