[0.192s] DEBUG:colcon:Command line arguments: ['/usr/bin/colcon', 'build', '--merge-install']
[0.192s] DEBUG:colcon:Parsed command line arguments: Namespace(log_base=None, log_level=None, verb_name='build', build_base='build', install_base='install', merge_install=True, symlink_install=False, test_result_base=None, continue_on_error=False, executor='parallel', parallel_workers=8, event_handlers=None, ignore_user_meta=False, metas=['./colcon.meta'], base_paths=['.'], packages_ignore=None, packages_ignore_regex=None, paths=None, packages_up_to=None, packages_up_to_regex=None, packages_above=None, packages_above_and_dependencies=None, packages_above_depth=None, packages_select_by_dep=None, packages_skip_by_dep=None, packages_skip_up_to=None, packages_select_build_failed=False, packages_skip_build_finished=False, packages_select_test_failures=False, packages_skip_test_passed=False, packages_select=None, packages_skip=None, packages_select_regex=None, packages_skip_regex=None, packages_start=None, packages_end=None, allow_overriding=[], cmake_args=None, cmake_target=None, cmake_target_skip_unavailable=False, cmake_clean_cache=False, cmake_clean_first=False, cmake_force_configure=False, ament_cmake_args=None, catkin_cmake_args=None, catkin_skip_building_tests=False, verb_parser=<colcon_defaults.argument_parser.defaults.DefaultArgumentsDecorator object at 0xffff9dfeca30>, verb_extension=<colcon_core.verb.build.BuildVerb object at 0xffff9e1c1e70>, main=<bound method BuildVerb.main of <colcon_core.verb.build.BuildVerb object at 0xffff9e1c1e70>>)
[0.499s] Level 1:colcon.colcon_core.package_discovery:discover_packages(colcon_meta) check parameters
[0.499s] Level 1:colcon.colcon_core.package_discovery:discover_packages(recursive) check parameters
[0.499s] Level 1:colcon.colcon_core.package_discovery:discover_packages(ignore) check parameters
[0.499s] Level 1:colcon.colcon_core.package_discovery:discover_packages(path) check parameters
[0.500s] Level 1:colcon.colcon_core.package_discovery:discover_packages(colcon_meta) discover
[0.500s] Level 1:colcon.colcon_core.package_discovery:discover_packages(recursive) discover
[0.500s] INFO:colcon.colcon_core.package_discovery:Crawling recursively for packages in '/home/msg1907/autonomous_driving_ws'
[0.500s] Level 1:colcon.colcon_core.package_identification:_identify(.) by extensions ['ignore', 'ignore_ament_install']
[0.500s] Level 1:colcon.colcon_core.package_identification:_identify(.) by extension 'ignore'
[0.500s] Level 1:colcon.colcon_core.package_identification:_identify(.) by extension 'ignore_ament_install'
[0.500s] Level 1:colcon.colcon_core.package_identification:_identify(.) by extensions ['colcon_pkg']
[0.501s] Level 1:colcon.colcon_core.package_identification:_identify(.) by extension 'colcon_pkg'
[0.501s] Level 1:colcon.colcon_core.package_identification:_identify(.) by extensions ['colcon_meta']
[0.501s] Level 1:colcon.colcon_core.package_identification:_identify(.) by extension 'colcon_meta'
[0.501s] Level 1:colcon.colcon_core.package_identification:_identify(.) by extensions ['ros']
[0.501s] Level 1:colcon.colcon_core.package_identification:_identify(.) by extension 'ros'
[0.522s] Level 1:colcon.colcon_core.package_identification:_identify(.) by extensions ['cmake', 'python']
[0.522s] Level 1:colcon.colcon_core.package_identification:_identify(.) by extension 'cmake'
[0.522s] Level 1:colcon.colcon_core.package_identification:_identify(.) by extension 'python'
[0.522s] Level 1:colcon.colcon_core.package_identification:_identify(.) by extensions ['python_setup_py']
[0.522s] Level 1:colcon.colcon_core.package_identification:_identify(.) by extension 'python_setup_py'
[0.523s] Level 1:colcon.colcon_core.package_identification:_identify(build) by extensions ['ignore', 'ignore_ament_install']
[0.523s] Level 1:colcon.colcon_core.package_identification:_identify(build) by extension 'ignore'
[0.523s] Level 1:colcon.colcon_core.package_identification:_identify(build) ignored
[0.523s] Level 1:colcon.colcon_core.package_identification:_identify(install) by extensions ['ignore', 'ignore_ament_install']
[0.523s] Level 1:colcon.colcon_core.package_identification:_identify(install) by extension 'ignore'
[0.523s] Level 1:colcon.colcon_core.package_identification:_identify(install) ignored
[0.524s] Level 1:colcon.colcon_core.package_identification:_identify(log) by extensions ['ignore', 'ignore_ament_install']
[0.524s] Level 1:colcon.colcon_core.package_identification:_identify(log) by extension 'ignore'
[0.524s] Level 1:colcon.colcon_core.package_identification:_identify(log) ignored
[0.524s] Level 1:colcon.colcon_core.package_identification:_identify(src) by extensions ['ignore', 'ignore_ament_install']
[0.524s] Level 1:colcon.colcon_core.package_identification:_identify(src) by extension 'ignore'
[0.524s] Level 1:colcon.colcon_core.package_identification:_identify(src) by extension 'ignore_ament_install'
[0.524s] Level 1:colcon.colcon_core.package_identification:_identify(src) by extensions ['colcon_pkg']
[0.524s] Level 1:colcon.colcon_core.package_identification:_identify(src) by extension 'colcon_pkg'
[0.524s] Level 1:colcon.colcon_core.package_identification:_identify(src) by extensions ['colcon_meta']
[0.525s] Level 1:colcon.colcon_core.package_identification:_identify(src) by extension 'colcon_meta'
[0.525s] Level 1:colcon.colcon_core.package_identification:_identify(src) by extensions ['ros']
[0.525s] Level 1:colcon.colcon_core.package_identification:_identify(src) by extension 'ros'
[0.525s] Level 1:colcon.colcon_core.package_identification:_identify(src) by extensions ['cmake', 'python']
[0.525s] Level 1:colcon.colcon_core.package_identification:_identify(src) by extension 'cmake'
[0.525s] Level 1:colcon.colcon_core.package_identification:_identify(src) by extension 'python'
[0.525s] Level 1:colcon.colcon_core.package_identification:_identify(src) by extensions ['python_setup_py']
[0.525s] Level 1:colcon.colcon_core.package_identification:_identify(src) by extension 'python_setup_py'
[0.525s] Level 1:colcon.colcon_core.package_identification:_identify(src/hardware) by extensions ['ignore', 'ignore_ament_install']
[0.525s] Level 1:colcon.colcon_core.package_identification:_identify(src/hardware) by extension 'ignore'
[0.526s] Level 1:colcon.colcon_core.package_identification:_identify(src/hardware) by extension 'ignore_ament_install'
[0.526s] Level 1:colcon.colcon_core.package_identification:_identify(src/hardware) by extensions ['colcon_pkg']
[0.526s] Level 1:colcon.colcon_core.package_identification:_identify(src/hardware) by extension 'colcon_pkg'
[0.526s] Level 1:colcon.colcon_core.package_identification:_identify(src/hardware) by extensions ['colcon_meta']
[0.526s] Level 1:colcon.colcon_core.package_identification:_identify(src/hardware) by extension 'colcon_meta'
[0.526s] Level 1:colcon.colcon_core.package_identification:_identify(src/hardware) by extensions ['ros']
[0.526s] Level 1:colcon.colcon_core.package_identification:_identify(src/hardware) by extension 'ros'
[0.526s] Level 1:colcon.colcon_core.package_identification:_identify(src/hardware) by extensions ['cmake', 'python']
[0.526s] Level 1:colcon.colcon_core.package_identification:_identify(src/hardware) by extension 'cmake'
[0.526s] Level 1:colcon.colcon_core.package_identification:_identify(src/hardware) by extension 'python'
[0.526s] Level 1:colcon.colcon_core.package_identification:_identify(src/hardware) by extensions ['python_setup_py']
[0.526s] Level 1:colcon.colcon_core.package_identification:_identify(src/hardware) by extension 'python_setup_py'
[0.527s] Level 1:colcon.colcon_core.package_identification:_identify(src/hardware/lidar_driver) by extensions ['ignore', 'ignore_ament_install']
[0.527s] Level 1:colcon.colcon_core.package_identification:_identify(src/hardware/lidar_driver) by extension 'ignore'
[0.527s] Level 1:colcon.colcon_core.package_identification:_identify(src/hardware/lidar_driver) by extension 'ignore_ament_install'
[0.527s] Level 1:colcon.colcon_core.package_identification:_identify(src/hardware/lidar_driver) by extensions ['colcon_pkg']
[0.527s] Level 1:colcon.colcon_core.package_identification:_identify(src/hardware/lidar_driver) by extension 'colcon_pkg'
[0.527s] Level 1:colcon.colcon_core.package_identification:_identify(src/hardware/lidar_driver) by extensions ['colcon_meta']
[0.527s] Level 1:colcon.colcon_core.package_identification:_identify(src/hardware/lidar_driver) by extension 'colcon_meta'
[0.527s] Level 1:colcon.colcon_core.package_identification:_identify(src/hardware/lidar_driver) by extensions ['ros']
[0.527s] Level 1:colcon.colcon_core.package_identification:_identify(src/hardware/lidar_driver) by extension 'ros'
[0.531s] DEBUG:colcon.colcon_core.package_identification:Package 'src/hardware/lidar_driver' with type 'ros.ament_cmake' and name 'lidar_driver'
[0.531s] Level 1:colcon.colcon_core.package_identification:_identify(src/hardware/trio_interface_ros2) by extensions ['ignore', 'ignore_ament_install']
[0.532s] Level 1:colcon.colcon_core.package_identification:_identify(src/hardware/trio_interface_ros2) by extension 'ignore'
[0.532s] Level 1:colcon.colcon_core.package_identification:_identify(src/hardware/trio_interface_ros2) by extension 'ignore_ament_install'
[0.532s] Level 1:colcon.colcon_core.package_identification:_identify(src/hardware/trio_interface_ros2) by extensions ['colcon_pkg']
[0.532s] Level 1:colcon.colcon_core.package_identification:_identify(src/hardware/trio_interface_ros2) by extension 'colcon_pkg'
[0.532s] Level 1:colcon.colcon_core.package_identification:_identify(src/hardware/trio_interface_ros2) by extensions ['colcon_meta']
[0.532s] Level 1:colcon.colcon_core.package_identification:_identify(src/hardware/trio_interface_ros2) by extension 'colcon_meta'
[0.532s] Level 1:colcon.colcon_core.package_identification:_identify(src/hardware/trio_interface_ros2) by extensions ['ros']
[0.532s] Level 1:colcon.colcon_core.package_identification:_identify(src/hardware/trio_interface_ros2) by extension 'ros'
[0.533s] DEBUG:colcon.colcon_core.package_identification:Package 'src/hardware/trio_interface_ros2' with type 'ros.ament_cmake' and name 'trio_interface_ros2'
[0.533s] Level 1:colcon.colcon_core.package_discovery:discover_packages(recursive) using defaults
[0.533s] Level 1:colcon.colcon_core.package_discovery:discover_packages(ignore) discover
[0.534s] Level 1:colcon.colcon_core.package_discovery:discover_packages(ignore) using defaults
[0.534s] Level 1:colcon.colcon_core.package_discovery:discover_packages(path) discover
[0.534s] Level 1:colcon.colcon_core.package_discovery:discover_packages(path) using defaults
[0.569s] Level 1:colcon.colcon_core.package_discovery:discover_packages(prefix_path) check parameters
[0.569s] Level 1:colcon.colcon_core.package_discovery:discover_packages(prefix_path) discover
[0.591s] WARNING:colcon.colcon_ros.prefix_path.ament:The path '/home/msg1907/autonomous_driving_ws/install' in the environment variable AMENT_PREFIX_PATH doesn't contain any 'local_setup.*' files.
[0.593s] DEBUG:colcon.colcon_installed_package_information.package_discovery:Found 0 installed packages in /home/msg1907/autonomous_driving_ws/install
[0.594s] DEBUG:colcon.colcon_installed_package_information.package_discovery:Found 6 installed packages in /home/msg1907/ros2_ws/install
[0.596s] DEBUG:colcon.colcon_installed_package_information.package_discovery:Found 341 installed packages in /opt/ros/humble
[0.600s] Level 1:colcon.colcon_core.package_discovery:discover_packages(prefix_path) using defaults
[0.685s] Level 5:colcon.colcon_core.verb:set package 'lidar_driver' build argument 'cmake_args' from command line to 'None'
[0.686s] Level 5:colcon.colcon_core.verb:set package 'lidar_driver' build argument 'cmake_target' from command line to 'None'
[0.686s] Level 5:colcon.colcon_core.verb:set package 'lidar_driver' build argument 'cmake_target_skip_unavailable' from command line to 'False'
[0.686s] Level 5:colcon.colcon_core.verb:set package 'lidar_driver' build argument 'cmake_clean_cache' from command line to 'False'
[0.686s] Level 5:colcon.colcon_core.verb:set package 'lidar_driver' build argument 'cmake_clean_first' from command line to 'False'
[0.686s] Level 5:colcon.colcon_core.verb:set package 'lidar_driver' build argument 'cmake_force_configure' from command line to 'False'
[0.686s] Level 5:colcon.colcon_core.verb:set package 'lidar_driver' build argument 'ament_cmake_args' from command line to 'None'
[0.686s] Level 5:colcon.colcon_core.verb:set package 'lidar_driver' build argument 'catkin_cmake_args' from command line to 'None'
[0.686s] Level 5:colcon.colcon_core.verb:set package 'lidar_driver' build argument 'catkin_skip_building_tests' from command line to 'False'
[0.686s] DEBUG:colcon.colcon_core.verb:Building package 'lidar_driver' with the following arguments: {'ament_cmake_args': None, 'build_base': '/home/msg1907/autonomous_driving_ws/build/lidar_driver', 'catkin_cmake_args': None, 'catkin_skip_building_tests': False, 'cmake_args': None, 'cmake_clean_cache': False, 'cmake_clean_first': False, 'cmake_force_configure': False, 'cmake_target': None, 'cmake_target_skip_unavailable': False, 'install_base': '/home/msg1907/autonomous_driving_ws/install', 'merge_install': True, 'path': '/home/msg1907/autonomous_driving_ws/src/hardware/lidar_driver', 'symlink_install': False, 'test_result_base': None}
[0.687s] Level 5:colcon.colcon_core.verb:set package 'trio_interface_ros2' build argument 'cmake_args' from command line to 'None'
[0.687s] Level 5:colcon.colcon_core.verb:set package 'trio_interface_ros2' build argument 'cmake_target' from command line to 'None'
[0.687s] Level 5:colcon.colcon_core.verb:set package 'trio_interface_ros2' build argument 'cmake_target_skip_unavailable' from command line to 'False'
[0.687s] Level 5:colcon.colcon_core.verb:set package 'trio_interface_ros2' build argument 'cmake_clean_cache' from command line to 'False'
[0.687s] Level 5:colcon.colcon_core.verb:set package 'trio_interface_ros2' build argument 'cmake_clean_first' from command line to 'False'
[0.687s] Level 5:colcon.colcon_core.verb:set package 'trio_interface_ros2' build argument 'cmake_force_configure' from command line to 'False'
[0.687s] Level 5:colcon.colcon_core.verb:set package 'trio_interface_ros2' build argument 'ament_cmake_args' from command line to 'None'
[0.687s] Level 5:colcon.colcon_core.verb:set package 'trio_interface_ros2' build argument 'catkin_cmake_args' from command line to 'None'
[0.687s] Level 5:colcon.colcon_core.verb:set package 'trio_interface_ros2' build argument 'catkin_skip_building_tests' from command line to 'False'
[0.687s] DEBUG:colcon.colcon_core.verb:Building package 'trio_interface_ros2' with the following arguments: {'ament_cmake_args': None, 'build_base': '/home/msg1907/autonomous_driving_ws/build/trio_interface_ros2', 'catkin_cmake_args': None, 'catkin_skip_building_tests': False, 'cmake_args': None, 'cmake_clean_cache': False, 'cmake_clean_first': False, 'cmake_force_configure': False, 'cmake_target': None, 'cmake_target_skip_unavailable': False, 'install_base': '/home/msg1907/autonomous_driving_ws/install', 'merge_install': True, 'path': '/home/msg1907/autonomous_driving_ws/src/hardware/trio_interface_ros2', 'symlink_install': False, 'test_result_base': None}
[0.687s] INFO:colcon.colcon_core.executor:Executing jobs using 'parallel' executor
[0.690s] DEBUG:colcon.colcon_parallel_executor.executor.parallel:run_until_complete
[0.690s] INFO:colcon.colcon_ros.task.ament_cmake.build:Building ROS package in '/home/msg1907/autonomous_driving_ws/src/hardware/lidar_driver' with build type 'ament_cmake'
[0.691s] INFO:colcon.colcon_cmake.task.cmake.build:Building CMake package in '/home/msg1907/autonomous_driving_ws/src/hardware/lidar_driver'
[0.694s] INFO:colcon.colcon_core.plugin_system:Skipping extension 'colcon_core.shell.bat': Not used on non-Windows systems
[0.695s] INFO:colcon.colcon_core.shell:Skip shell extension 'powershell' for command environment: Not usable outside of PowerShell
[0.695s] DEBUG:colcon.colcon_core.shell:Skip shell extension 'dsv' for command environment
[0.702s] INFO:colcon.colcon_ros.task.ament_cmake.build:Building ROS package in '/home/msg1907/autonomous_driving_ws/src/hardware/trio_interface_ros2' with build type 'ament_cmake'
[0.702s] INFO:colcon.colcon_cmake.task.cmake.build:Building CMake package in '/home/msg1907/autonomous_driving_ws/src/hardware/trio_interface_ros2'
[0.703s] INFO:colcon.colcon_core.shell:Skip shell extension 'powershell' for command environment: Not usable outside of PowerShell
[0.703s] DEBUG:colcon.colcon_core.shell:Skip shell extension 'dsv' for command environment
[0.716s] DEBUG:colcon.colcon_core.event_handler.log_command:Invoking command in '/home/msg1907/autonomous_driving_ws/build/lidar_driver': CMAKE_PREFIX_PATH=/home/msg1907/autonomous_driving_ws/install:/home/msg1907/ros2_ws/install/rplidar_ros:/opt/ros/humble:/home/msg1907/ros2_ws/install/my_cartographer:/home/msg1907/ros2_ws/install/cartographer_ros:/home/msg1907/ros2_ws/install/cartographer_ros_msgs:/home/msg1907/ros2_ws/install/cartographer /usr/bin/cmake /home/msg1907/autonomous_driving_ws/src/hardware/lidar_driver -DCMAKE_INSTALL_PREFIX=/home/msg1907/autonomous_driving_ws/install
[0.724s] DEBUG:colcon.colcon_core.event_handler.log_command:Invoking command in '/home/msg1907/autonomous_driving_ws/build/trio_interface_ros2': CMAKE_PREFIX_PATH=/home/msg1907/autonomous_driving_ws/install:/home/msg1907/ros2_ws/install/rplidar_ros:/opt/ros/humble:/home/msg1907/ros2_ws/install/my_cartographer:/home/msg1907/ros2_ws/install/cartographer_ros:/home/msg1907/ros2_ws/install/cartographer_ros_msgs:/home/msg1907/ros2_ws/install/cartographer /usr/bin/cmake /home/msg1907/autonomous_driving_ws/src/hardware/trio_interface_ros2 -DCMAKE_INSTALL_PREFIX=/home/msg1907/autonomous_driving_ws/install
[1.923s] DEBUG:colcon.colcon_core.event_handler.log_command:Invoked command in '/home/msg1907/autonomous_driving_ws/build/lidar_driver' returned '0': CMAKE_PREFIX_PATH=/home/msg1907/autonomous_driving_ws/install:/home/msg1907/ros2_ws/install/rplidar_ros:/opt/ros/humble:/home/msg1907/ros2_ws/install/my_cartographer:/home/msg1907/ros2_ws/install/cartographer_ros:/home/msg1907/ros2_ws/install/cartographer_ros_msgs:/home/msg1907/ros2_ws/install/cartographer /usr/bin/cmake /home/msg1907/autonomous_driving_ws/src/hardware/lidar_driver -DCMAKE_INSTALL_PREFIX=/home/msg1907/autonomous_driving_ws/install
[1.928s] DEBUG:colcon.colcon_core.event_handler.log_command:Invoking command in '/home/msg1907/autonomous_driving_ws/build/lidar_driver': CMAKE_PREFIX_PATH=/home/msg1907/autonomous_driving_ws/install:/home/msg1907/ros2_ws/install/rplidar_ros:/opt/ros/humble:/home/msg1907/ros2_ws/install/my_cartographer:/home/msg1907/ros2_ws/install/cartographer_ros:/home/msg1907/ros2_ws/install/cartographer_ros_msgs:/home/msg1907/ros2_ws/install/cartographer /usr/bin/cmake --build /home/msg1907/autonomous_driving_ws/build/lidar_driver -- -j8 -l8
[1.993s] DEBUG:colcon.colcon_core.event_handler.log_command:Invoked command in '/home/msg1907/autonomous_driving_ws/build/lidar_driver' returned '0': CMAKE_PREFIX_PATH=/home/msg1907/autonomous_driving_ws/install:/home/msg1907/ros2_ws/install/rplidar_ros:/opt/ros/humble:/home/msg1907/ros2_ws/install/my_cartographer:/home/msg1907/ros2_ws/install/cartographer_ros:/home/msg1907/ros2_ws/install/cartographer_ros_msgs:/home/msg1907/ros2_ws/install/cartographer /usr/bin/cmake --build /home/msg1907/autonomous_driving_ws/build/lidar_driver -- -j8 -l8
[2.014s] DEBUG:colcon.colcon_core.event_handler.log_command:Invoking command in '/home/msg1907/autonomous_driving_ws/build/lidar_driver': CMAKE_PREFIX_PATH=/home/msg1907/autonomous_driving_ws/install:/home/msg1907/ros2_ws/install/rplidar_ros:/opt/ros/humble:/home/msg1907/ros2_ws/install/my_cartographer:/home/msg1907/ros2_ws/install/cartographer_ros:/home/msg1907/ros2_ws/install/cartographer_ros_msgs:/home/msg1907/ros2_ws/install/cartographer /usr/bin/cmake --install /home/msg1907/autonomous_driving_ws/build/lidar_driver
[2.034s] Level 1:colcon.colcon_core.environment:create_environment_scripts_only(lidar_driver)
[2.035s] DEBUG:colcon.colcon_core.event_handler.log_command:Invoked command in '/home/msg1907/autonomous_driving_ws/build/lidar_driver' returned '0': CMAKE_PREFIX_PATH=/home/msg1907/autonomous_driving_ws/install:/home/msg1907/ros2_ws/install/rplidar_ros:/opt/ros/humble:/home/msg1907/ros2_ws/install/my_cartographer:/home/msg1907/ros2_ws/install/cartographer_ros:/home/msg1907/ros2_ws/install/cartographer_ros_msgs:/home/msg1907/ros2_ws/install/cartographer /usr/bin/cmake --install /home/msg1907/autonomous_driving_ws/build/lidar_driver
[2.042s] Level 1:colcon.colcon_core.environment:checking '/home/msg1907/autonomous_driving_ws/install' for CMake module files
[2.044s] Level 1:colcon.colcon_core.environment:checking '/home/msg1907/autonomous_driving_ws/install' for CMake config files
[2.044s] Level 1:colcon.colcon_core.shell:create_environment_hook('lidar_driver', 'cmake_prefix_path')
[2.045s] INFO:colcon.colcon_core.shell:Creating environment hook '/home/msg1907/autonomous_driving_ws/install/share/lidar_driver/hook/cmake_prefix_path.ps1'
[2.047s] INFO:colcon.colcon_core.shell:Creating environment descriptor '/home/msg1907/autonomous_driving_ws/install/share/lidar_driver/hook/cmake_prefix_path.dsv'
[2.049s] INFO:colcon.colcon_core.shell:Creating environment hook '/home/msg1907/autonomous_driving_ws/install/share/lidar_driver/hook/cmake_prefix_path.sh'
[2.054s] Level 1:colcon.colcon_core.environment:checking '/home/msg1907/autonomous_driving_ws/install/bin'
[2.055s] Level 1:colcon.colcon_core.environment:checking '/home/msg1907/autonomous_driving_ws/install/lib/pkgconfig/lidar_driver.pc'
[2.056s] Level 1:colcon.colcon_core.environment:checking '/home/msg1907/autonomous_driving_ws/install/lib/python3.10/site-packages'
[2.056s] Level 1:colcon.colcon_core.environment:checking '/home/msg1907/autonomous_driving_ws/install/bin'
[2.057s] INFO:colcon.colcon_core.shell:Creating package script '/home/msg1907/autonomous_driving_ws/install/share/lidar_driver/package.ps1'
[2.061s] INFO:colcon.colcon_core.shell:Creating package descriptor '/home/msg1907/autonomous_driving_ws/install/share/lidar_driver/package.dsv'
[2.062s] INFO:colcon.colcon_core.shell:Creating package script '/home/msg1907/autonomous_driving_ws/install/share/lidar_driver/package.sh'
[2.065s] INFO:colcon.colcon_core.shell:Creating package script '/home/msg1907/autonomous_driving_ws/install/share/lidar_driver/package.bash'
[2.068s] INFO:colcon.colcon_core.shell:Creating package script '/home/msg1907/autonomous_driving_ws/install/share/lidar_driver/package.zsh'
[2.070s] Level 1:colcon.colcon_core.environment:create_file_with_runtime_dependencies(/home/msg1907/autonomous_driving_ws/install/share/colcon-core/packages/lidar_driver)
[2.072s] Level 1:colcon.colcon_core.environment:create_environment_scripts_only(lidar_driver)
[2.073s] Level 1:colcon.colcon_core.environment:checking '/home/msg1907/autonomous_driving_ws/install' for CMake module files
[2.074s] Level 1:colcon.colcon_core.environment:checking '/home/msg1907/autonomous_driving_ws/install' for CMake config files
[2.075s] Level 1:colcon.colcon_core.shell:create_environment_hook('lidar_driver', 'cmake_prefix_path')
[2.075s] INFO:colcon.colcon_core.shell:Creating environment hook '/home/msg1907/autonomous_driving_ws/install/share/lidar_driver/hook/cmake_prefix_path.ps1'
[2.077s] INFO:colcon.colcon_core.shell:Creating environment descriptor '/home/msg1907/autonomous_driving_ws/install/share/lidar_driver/hook/cmake_prefix_path.dsv'
[2.078s] INFO:colcon.colcon_core.shell:Creating environment hook '/home/msg1907/autonomous_driving_ws/install/share/lidar_driver/hook/cmake_prefix_path.sh'
[2.080s] Level 1:colcon.colcon_core.environment:checking '/home/msg1907/autonomous_driving_ws/install/bin'
[2.080s] Level 1:colcon.colcon_core.environment:checking '/home/msg1907/autonomous_driving_ws/install/lib/pkgconfig/lidar_driver.pc'
[2.081s] Level 1:colcon.colcon_core.environment:checking '/home/msg1907/autonomous_driving_ws/install/lib/python3.10/site-packages'
[2.081s] Level 1:colcon.colcon_core.environment:checking '/home/msg1907/autonomous_driving_ws/install/bin'
[2.082s] INFO:colcon.colcon_core.shell:Creating package script '/home/msg1907/autonomous_driving_ws/install/share/lidar_driver/package.ps1'
[2.084s] INFO:colcon.colcon_core.shell:Creating package descriptor '/home/msg1907/autonomous_driving_ws/install/share/lidar_driver/package.dsv'
[2.085s] INFO:colcon.colcon_core.shell:Creating package script '/home/msg1907/autonomous_driving_ws/install/share/lidar_driver/package.sh'
[2.086s] INFO:colcon.colcon_core.shell:Creating package script '/home/msg1907/autonomous_driving_ws/install/share/lidar_driver/package.bash'
[2.088s] INFO:colcon.colcon_core.shell:Creating package script '/home/msg1907/autonomous_driving_ws/install/share/lidar_driver/package.zsh'
[2.089s] Level 1:colcon.colcon_core.environment:create_file_with_runtime_dependencies(/home/msg1907/autonomous_driving_ws/install/share/colcon-core/packages/lidar_driver)
[2.968s] DEBUG:colcon.colcon_core.event_handler.log_command:Invoked command in '/home/msg1907/autonomous_driving_ws/build/trio_interface_ros2' returned '0': CMAKE_PREFIX_PATH=/home/msg1907/autonomous_driving_ws/install:/home/msg1907/ros2_ws/install/rplidar_ros:/opt/ros/humble:/home/msg1907/ros2_ws/install/my_cartographer:/home/msg1907/ros2_ws/install/cartographer_ros:/home/msg1907/ros2_ws/install/cartographer_ros_msgs:/home/msg1907/ros2_ws/install/cartographer /usr/bin/cmake /home/msg1907/autonomous_driving_ws/src/hardware/trio_interface_ros2 -DCMAKE_INSTALL_PREFIX=/home/msg1907/autonomous_driving_ws/install
[2.973s] DEBUG:colcon.colcon_core.event_handler.log_command:Invoking command in '/home/msg1907/autonomous_driving_ws/build/trio_interface_ros2': CMAKE_PREFIX_PATH=/home/msg1907/autonomous_driving_ws/install:/home/msg1907/ros2_ws/install/rplidar_ros:/opt/ros/humble:/home/msg1907/ros2_ws/install/my_cartographer:/home/msg1907/ros2_ws/install/cartographer_ros:/home/msg1907/ros2_ws/install/cartographer_ros_msgs:/home/msg1907/ros2_ws/install/cartographer /usr/bin/cmake --build /home/msg1907/autonomous_driving_ws/build/trio_interface_ros2 -- -j8 -l8
[25.869s] DEBUG:colcon.colcon_core.event_handler.log_command:Invoked command in '/home/msg1907/autonomous_driving_ws/build/trio_interface_ros2' returned '0': CMAKE_PREFIX_PATH=/home/msg1907/autonomous_driving_ws/install:/home/msg1907/ros2_ws/install/rplidar_ros:/opt/ros/humble:/home/msg1907/ros2_ws/install/my_cartographer:/home/msg1907/ros2_ws/install/cartographer_ros:/home/msg1907/ros2_ws/install/cartographer_ros_msgs:/home/msg1907/ros2_ws/install/cartographer /usr/bin/cmake --build /home/msg1907/autonomous_driving_ws/build/trio_interface_ros2 -- -j8 -l8
[25.875s] DEBUG:colcon.colcon_core.event_handler.log_command:Invoking command in '/home/msg1907/autonomous_driving_ws/build/trio_interface_ros2': CMAKE_PREFIX_PATH=/home/msg1907/autonomous_driving_ws/install:/home/msg1907/ros2_ws/install/rplidar_ros:/opt/ros/humble:/home/msg1907/ros2_ws/install/my_cartographer:/home/msg1907/ros2_ws/install/cartographer_ros:/home/msg1907/ros2_ws/install/cartographer_ros_msgs:/home/msg1907/ros2_ws/install/cartographer /usr/bin/cmake --install /home/msg1907/autonomous_driving_ws/build/trio_interface_ros2
[25.907s] Level 1:colcon.colcon_core.environment:create_environment_scripts_only(trio_interface_ros2)
[25.907s] Level 1:colcon.colcon_core.environment:checking '/home/msg1907/autonomous_driving_ws/install' for CMake module files
[25.909s] DEBUG:colcon.colcon_core.event_handler.log_command:Invoked command in '/home/msg1907/autonomous_driving_ws/build/trio_interface_ros2' returned '0': CMAKE_PREFIX_PATH=/home/msg1907/autonomous_driving_ws/install:/home/msg1907/ros2_ws/install/rplidar_ros:/opt/ros/humble:/home/msg1907/ros2_ws/install/my_cartographer:/home/msg1907/ros2_ws/install/cartographer_ros:/home/msg1907/ros2_ws/install/cartographer_ros_msgs:/home/msg1907/ros2_ws/install/cartographer /usr/bin/cmake --install /home/msg1907/autonomous_driving_ws/build/trio_interface_ros2
[25.910s] Level 1:colcon.colcon_core.environment:checking '/home/msg1907/autonomous_driving_ws/install' for CMake config files
[25.911s] Level 1:colcon.colcon_core.shell:create_environment_hook('trio_interface_ros2', 'cmake_prefix_path')
[25.912s] INFO:colcon.colcon_core.shell:Creating environment hook '/home/msg1907/autonomous_driving_ws/install/share/trio_interface_ros2/hook/cmake_prefix_path.ps1'
[25.913s] INFO:colcon.colcon_core.shell:Creating environment descriptor '/home/msg1907/autonomous_driving_ws/install/share/trio_interface_ros2/hook/cmake_prefix_path.dsv'
[25.915s] INFO:colcon.colcon_core.shell:Creating environment hook '/home/msg1907/autonomous_driving_ws/install/share/trio_interface_ros2/hook/cmake_prefix_path.sh'
[25.917s] Level 1:colcon.colcon_core.environment:checking '/home/msg1907/autonomous_driving_ws/install/lib'
[25.918s] Level 1:colcon.colcon_core.environment:checking '/home/msg1907/autonomous_driving_ws/install/bin'
[25.918s] Level 1:colcon.colcon_core.environment:checking '/home/msg1907/autonomous_driving_ws/install/lib/pkgconfig/trio_interface_ros2.pc'
[25.919s] Level 1:colcon.colcon_core.environment:checking '/home/msg1907/autonomous_driving_ws/install/lib/python3.10/site-packages'
[25.920s] Level 1:colcon.colcon_core.environment:checking '/home/msg1907/autonomous_driving_ws/install/bin'
[25.921s] INFO:colcon.colcon_core.shell:Creating package script '/home/msg1907/autonomous_driving_ws/install/share/trio_interface_ros2/package.ps1'
[25.922s] INFO:colcon.colcon_core.shell:Creating package descriptor '/home/msg1907/autonomous_driving_ws/install/share/trio_interface_ros2/package.dsv'
[25.924s] INFO:colcon.colcon_core.shell:Creating package script '/home/msg1907/autonomous_driving_ws/install/share/trio_interface_ros2/package.sh'
[25.926s] INFO:colcon.colcon_core.shell:Creating package script '/home/msg1907/autonomous_driving_ws/install/share/trio_interface_ros2/package.bash'
[25.927s] INFO:colcon.colcon_core.shell:Creating package script '/home/msg1907/autonomous_driving_ws/install/share/trio_interface_ros2/package.zsh'
[25.928s] Level 1:colcon.colcon_core.environment:create_file_with_runtime_dependencies(/home/msg1907/autonomous_driving_ws/install/share/colcon-core/packages/trio_interface_ros2)
[25.930s] Level 1:colcon.colcon_core.environment:create_environment_scripts_only(trio_interface_ros2)
[25.931s] Level 1:colcon.colcon_core.environment:checking '/home/msg1907/autonomous_driving_ws/install' for CMake module files
[25.933s] Level 1:colcon.colcon_core.environment:checking '/home/msg1907/autonomous_driving_ws/install' for CMake config files
[25.933s] Level 1:colcon.colcon_core.shell:create_environment_hook('trio_interface_ros2', 'cmake_prefix_path')
[25.934s] INFO:colcon.colcon_core.shell:Creating environment hook '/home/msg1907/autonomous_driving_ws/install/share/trio_interface_ros2/hook/cmake_prefix_path.ps1'
[25.936s] INFO:colcon.colcon_core.shell:Creating environment descriptor '/home/msg1907/autonomous_driving_ws/install/share/trio_interface_ros2/hook/cmake_prefix_path.dsv'
[25.937s] INFO:colcon.colcon_core.shell:Creating environment hook '/home/msg1907/autonomous_driving_ws/install/share/trio_interface_ros2/hook/cmake_prefix_path.sh'
[25.939s] Level 1:colcon.colcon_core.environment:checking '/home/msg1907/autonomous_driving_ws/install/lib'
[25.939s] Level 1:colcon.colcon_core.environment:checking '/home/msg1907/autonomous_driving_ws/install/bin'
[25.940s] Level 1:colcon.colcon_core.environment:checking '/home/msg1907/autonomous_driving_ws/install/lib/pkgconfig/trio_interface_ros2.pc'
[25.941s] Level 1:colcon.colcon_core.environment:checking '/home/msg1907/autonomous_driving_ws/install/lib/python3.10/site-packages'
[25.941s] Level 1:colcon.colcon_core.environment:checking '/home/msg1907/autonomous_driving_ws/install/bin'
[25.943s] INFO:colcon.colcon_core.shell:Creating package script '/home/msg1907/autonomous_driving_ws/install/share/trio_interface_ros2/package.ps1'
[25.945s] INFO:colcon.colcon_core.shell:Creating package descriptor '/home/msg1907/autonomous_driving_ws/install/share/trio_interface_ros2/package.dsv'
[25.947s] INFO:colcon.colcon_core.shell:Creating package script '/home/msg1907/autonomous_driving_ws/install/share/trio_interface_ros2/package.sh'
[25.949s] INFO:colcon.colcon_core.shell:Creating package script '/home/msg1907/autonomous_driving_ws/install/share/trio_interface_ros2/package.bash'
[25.950s] INFO:colcon.colcon_core.shell:Creating package script '/home/msg1907/autonomous_driving_ws/install/share/trio_interface_ros2/package.zsh'
[25.952s] Level 1:colcon.colcon_core.environment:create_file_with_runtime_dependencies(/home/msg1907/autonomous_driving_ws/install/share/colcon-core/packages/trio_interface_ros2)
[25.953s] DEBUG:colcon.colcon_parallel_executor.executor.parallel:closing loop
[25.954s] DEBUG:colcon.colcon_parallel_executor.executor.parallel:loop closed
[25.955s] DEBUG:colcon.colcon_parallel_executor.executor.parallel:run_until_complete finished with '0'
[25.955s] DEBUG:colcon.colcon_core.event_reactor:joining thread
[25.974s] INFO:colcon.colcon_core.plugin_system:Skipping extension 'colcon_notification.desktop_notification.terminal_notifier': Not used on non-Darwin systems
[25.974s] INFO:colcon.colcon_core.plugin_system:Skipping extension 'colcon_notification.desktop_notification.win32': Not used on non-Windows systems
[25.975s] INFO:colcon.colcon_notification.desktop_notification:Sending desktop notification using 'notify2'
[26.023s] DEBUG:colcon.colcon_core.event_reactor:joined thread
[26.024s] INFO:colcon.colcon_core.shell:Creating prefix script '/home/msg1907/autonomous_driving_ws/install/local_setup.ps1'
[26.028s] INFO:colcon.colcon_core.shell:Creating prefix util module '/home/msg1907/autonomous_driving_ws/install/_local_setup_util_ps1.py'
[26.032s] INFO:colcon.colcon_core.shell:Creating prefix chain script '/home/msg1907/autonomous_driving_ws/install/setup.ps1'
[26.036s] INFO:colcon.colcon_core.shell:Creating prefix script '/home/msg1907/autonomous_driving_ws/install/local_setup.sh'
[26.038s] INFO:colcon.colcon_core.shell:Creating prefix util module '/home/msg1907/autonomous_driving_ws/install/_local_setup_util_sh.py'
[26.040s] INFO:colcon.colcon_core.shell:Creating prefix chain script '/home/msg1907/autonomous_driving_ws/install/setup.sh'
[26.043s] INFO:colcon.colcon_core.shell:Creating prefix script '/home/msg1907/autonomous_driving_ws/install/local_setup.bash'
[26.045s] INFO:colcon.colcon_core.shell:Creating prefix chain script '/home/msg1907/autonomous_driving_ws/install/setup.bash'
[26.048s] INFO:colcon.colcon_core.shell:Creating prefix script '/home/msg1907/autonomous_driving_ws/install/local_setup.zsh'
[26.050s] INFO:colcon.colcon_core.shell:Creating prefix chain script '/home/msg1907/autonomous_driving_ws/install/setup.zsh'
